<?xml version="1.0" encoding="UTF-8"?>
<!-- Generated by org.testng.reporters.JUnitReportReporter -->
<testsuite hostname="LAPTOP-DD8S79MB" failures="0" tests="5" name="com.dataprovider.ExcelsheetDataProvider" time="2.702" errors="0" timestamp="2021-09-14T15:38:15 IST" skipped="0">
  <testcase classname="com.dataprovider.ExcelsheetDataProvider" name="login" time="0.223"/>
  <system-out/>
  <testcase classname="com.dataprovider.ExcelsheetDataProvider" name="login" time="0.328"/>
  <system-out/>
  <testcase classname="com.dataprovider.ExcelsheetDataProvider" name="login" time="0.189"/>
  <system-out/>
  <testcase classname="com.dataprovider.ExcelsheetDataProvider" name="login" time="1.763"/>
  <system-out/>
  <testcase classname="com.dataprovider.ExcelsheetDataProvider" name="login" time="0.199"/>
  <system-out/>
</testsuite> <!-- com.dataprovider.ExcelsheetDataProvider -->
