<?xml version="1.0" encoding="UTF-8"?>
<!-- Generated by org.testng.reporters.JUnitReportReporter -->
<testsuite hostname="LAPTOP-DD8S79MB" failures="0" tests="5" name="com.dataprovider.ManualDataProvider" time="2.500" errors="0" timestamp="2021-09-15T23:02:53 IST" skipped="0">
  <testcase classname="com.dataprovider.ManualDataProvider" name="login" time="0.309"/>
  <system-out/>
  <testcase classname="com.dataprovider.ManualDataProvider" name="login" time="1.591"/>
  <system-out/>
  <testcase classname="com.dataprovider.ManualDataProvider" name="login" time="0.206"/>
  <system-out/>
  <testcase classname="com.dataprovider.ManualDataProvider" name="login" time="0.197"/>
  <system-out/>
  <testcase classname="com.dataprovider.ManualDataProvider" name="login" time="0.197"/>
  <system-out/>
</testsuite> <!-- com.dataprovider.ManualDataProvider -->
