<?xml version="1.0" encoding="UTF-8"?>
<!-- Generated by org.testng.reporters.JUnitReportReporter -->
<testsuite hostname="LAPTOP-DD8S79MB" failures="0" tests="5" name="com.dataprovider.ExcelsheetDataProvider" time="2.489" errors="0" timestamp="2021-09-15T23:02:37 IST" skipped="0">
  <testcase classname="com.dataprovider.ExcelsheetDataProvider" name="login" time="0.331"/>
  <system-out/>
  <testcase classname="com.dataprovider.ExcelsheetDataProvider" name="login" time="0.198"/>
  <system-out/>
  <testcase classname="com.dataprovider.ExcelsheetDataProvider" name="login" time="1.568"/>
  <system-out/>
  <testcase classname="com.dataprovider.ExcelsheetDataProvider" name="login" time="0.185"/>
  <system-out/>
  <testcase classname="com.dataprovider.ExcelsheetDataProvider" name="login" time="0.207"/>
  <system-out/>
</testsuite> <!-- com.dataprovider.ExcelsheetDataProvider -->
