<?xml version="1.0" encoding="UTF-8"?>
<!-- Generated by org.testng.reporters.JUnitReportReporter -->
<testsuite hostname="LAPTOP-DD8S79MB" failures="0" tests="5" name="com.dataprovider.SimpleDataProvider" time="3.321" errors="0" timestamp="2021-09-14T15:27:28 IST" skipped="0">
  <testcase classname="com.dataprovider.SimpleDataProvider" name="login" time="0.339"/>
  <system-out/>
  <testcase classname="com.dataprovider.SimpleDataProvider" name="login" time="1.801"/>
  <system-out/>
  <testcase classname="com.dataprovider.SimpleDataProvider" name="login" time="0.373"/>
  <system-out/>
  <testcase classname="com.dataprovider.SimpleDataProvider" name="login" time="0.354"/>
  <system-out/>
  <testcase classname="com.dataprovider.SimpleDataProvider" name="login" time="0.454"/>
  <system-out/>
</testsuite> <!-- com.dataprovider.SimpleDataProvider -->
